0 info it worked if it ends with ok
1 verbose cli [ '/usr/bin/nodejs', '/usr/bin/npm', 'install', 'node' ]
2 info using npm@3.5.2
3 info using node@v4.7.2
4 silly loadCurrentTree Starting
5 silly install loadCurrentTree
6 silly install readLocalPackageData
7 silly fetchPackageMetaData node
8 silly fetchNamedPackageData node
9 silly mapToRegistry name node
10 silly mapToRegistry using default registry
11 silly mapToRegistry registry https://registry.npmjs.org/
12 silly mapToRegistry uri https://registry.npmjs.org/node
13 verbose request uri https://registry.npmjs.org/node
14 verbose request no auth needed
15 info attempt registry request try #1 at 2:23:32 PM
16 verbose request id 6bbd29b37c715633
17 http request GET https://registry.npmjs.org/node
18 http 200 https://registry.npmjs.org/node
19 verbose headers { server: 'nginx/1.10.1',
19 verbose headers   'content-type': 'application/json',
19 verbose headers   'last-modified': 'Fri, 11 Aug 2017 14:46:16 GMT',
19 verbose headers   etag: 'W/"598dc338-4e327"',
19 verbose headers   'content-encoding': 'gzip',
19 verbose headers   'cache-control': 'max-age=300',
19 verbose headers   'content-length': '51482',
19 verbose headers   'accept-ranges': 'bytes',
19 verbose headers   date: 'Fri, 01 Sep 2017 11:23:33 GMT',
19 verbose headers   via: '1.1 varnish',
19 verbose headers   age: '246',
19 verbose headers   connection: 'keep-alive',
19 verbose headers   'x-served-by': 'cache-hhn1537-HHN',
19 verbose headers   'x-cache': 'HIT',
19 verbose headers   'x-cache-hits': '1',
19 verbose headers   'x-timer': 'S1504265013.438596,VS0,VE1',
19 verbose headers   vary: 'Accept-Encoding, Accept' }
20 silly get cb [ 200,
20 silly get   { server: 'nginx/1.10.1',
20 silly get     'content-type': 'application/json',
20 silly get     'last-modified': 'Fri, 11 Aug 2017 14:46:16 GMT',
20 silly get     etag: 'W/"598dc338-4e327"',
20 silly get     'content-encoding': 'gzip',
20 silly get     'cache-control': 'max-age=300',
20 silly get     'content-length': '51482',
20 silly get     'accept-ranges': 'bytes',
20 silly get     date: 'Fri, 01 Sep 2017 11:23:33 GMT',
20 silly get     via: '1.1 varnish',
20 silly get     age: '246',
20 silly get     connection: 'keep-alive',
20 silly get     'x-served-by': 'cache-hhn1537-HHN',
20 silly get     'x-cache': 'HIT',
20 silly get     'x-cache-hits': '1',
20 silly get     'x-timer': 'S1504265013.438596,VS0,VE1',
20 silly get     vary: 'Accept-Encoding, Accept' } ]
21 verbose get saving node to /home/thefakeweed/.npm/registry.npmjs.org/node/.cache.json
22 silly install normalizeTree
23 silly loadCurrentTree Finishing
24 silly loadIdealTree Starting
25 silly install loadIdealTree
26 silly cloneCurrentTree Starting
27 silly install cloneCurrentTreeToIdealTree
28 silly cloneCurrentTree Finishing
29 silly loadShrinkwrap Starting
30 silly install loadShrinkwrap
31 silly loadShrinkwrap Finishing
32 silly loadAllDepsIntoIdealTree Starting
33 silly install loadAllDepsIntoIdealTree
34 silly resolveWithNewModule node@8.3.0 checking installable status
35 silly cache add args [ 'node', null ]
36 verbose cache add spec node
37 silly cache add parsed spec Result {
37 silly cache add   raw: 'node',
37 silly cache add   scope: null,
37 silly cache add   name: 'node',
37 silly cache add   rawSpec: '',
37 silly cache add   spec: 'latest',
37 silly cache add   type: 'tag' }
38 silly addNamed node@latest
39 verbose addNamed "latest" is being treated as a dist-tag for node
40 info addNameTag [ 'node', 'latest' ]
41 silly mapToRegistry name node
42 silly mapToRegistry using default registry
43 silly mapToRegistry registry https://registry.npmjs.org/
44 silly mapToRegistry uri https://registry.npmjs.org/node
45 verbose addNameTag registry:https://registry.npmjs.org/node not in flight; fetching
46 verbose get https://registry.npmjs.org/node not expired, no request
47 silly addNameTag next cb for node with tag latest
48 silly addNamed node@8.3.0
49 verbose addNamed "8.3.0" is a plain semver version for node
50 silly mapToRegistry name node
51 silly mapToRegistry using default registry
52 silly mapToRegistry registry https://registry.npmjs.org/
53 silly mapToRegistry uri https://registry.npmjs.org/node
54 verbose addRemoteTarball https://registry.npmjs.org/node/-/node-8.3.0.tgz not in flight; adding
55 verbose addRemoteTarball [ 'https://registry.npmjs.org/node/-/node-8.3.0.tgz',
55 verbose addRemoteTarball   '478e84ffcc4be39938306ace1c4613c8231e5f44' ]
56 info retry fetch attempt 1 at 2:23:34 PM
57 info attempt registry request try #1 at 2:23:34 PM
58 http fetch GET https://registry.npmjs.org/node/-/node-8.3.0.tgz
59 http fetch 200 https://registry.npmjs.org/node/-/node-8.3.0.tgz
60 silly fetchAndShaCheck shasum 478e84ffcc4be39938306ace1c4613c8231e5f44
61 verbose addTmpTarball /tmp/npm-8860-712e43bc/registry.npmjs.org/node/-/node-8.3.0.tgz not in flight; adding
62 verbose addTmpTarball already have metadata; skipping unpack for node@8.3.0
63 silly cache afterAdd node@8.3.0
64 verbose afterAdd /home/thefakeweed/.npm/node/8.3.0/package/package.json not in flight; writing
65 verbose afterAdd /home/thefakeweed/.npm/node/8.3.0/package/package.json written
66 silly fetchNamedPackageData node-bin-setup
67 silly mapToRegistry name node-bin-setup
68 silly mapToRegistry using default registry
69 silly mapToRegistry registry https://registry.npmjs.org/
70 silly mapToRegistry uri https://registry.npmjs.org/node-bin-setup
71 verbose request uri https://registry.npmjs.org/node-bin-setup
72 verbose request no auth needed
73 info attempt registry request try #1 at 2:23:34 PM
74 http request GET https://registry.npmjs.org/node-bin-setup
75 http 200 https://registry.npmjs.org/node-bin-setup
76 verbose headers { server: 'nginx/1.10.1',
76 verbose headers   'content-type': 'application/json',
76 verbose headers   'last-modified': 'Tue, 25 Jul 2017 03:32:58 GMT',
76 verbose headers   etag: 'W/"5976bbea-1511"',
76 verbose headers   'content-encoding': 'gzip',
76 verbose headers   'cache-control': 'max-age=300',
76 verbose headers   'content-length': '1464',
76 verbose headers   'accept-ranges': 'bytes',
76 verbose headers   date: 'Fri, 01 Sep 2017 11:23:34 GMT',
76 verbose headers   via: '1.1 varnish',
76 verbose headers   age: '0',
76 verbose headers   connection: 'keep-alive',
76 verbose headers   'x-served-by': 'cache-hhn1537-HHN',
76 verbose headers   'x-cache': 'HIT',
76 verbose headers   'x-cache-hits': '1',
76 verbose headers   'x-timer': 'S1504265015.592789,VS0,VE1',
76 verbose headers   vary: 'Accept-Encoding, Accept' }
77 silly get cb [ 200,
77 silly get   { server: 'nginx/1.10.1',
77 silly get     'content-type': 'application/json',
77 silly get     'last-modified': 'Tue, 25 Jul 2017 03:32:58 GMT',
77 silly get     etag: 'W/"5976bbea-1511"',
77 silly get     'content-encoding': 'gzip',
77 silly get     'cache-control': 'max-age=300',
77 silly get     'content-length': '1464',
77 silly get     'accept-ranges': 'bytes',
77 silly get     date: 'Fri, 01 Sep 2017 11:23:34 GMT',
77 silly get     via: '1.1 varnish',
77 silly get     age: '0',
77 silly get     connection: 'keep-alive',
77 silly get     'x-served-by': 'cache-hhn1537-HHN',
77 silly get     'x-cache': 'HIT',
77 silly get     'x-cache-hits': '1',
77 silly get     'x-timer': 'S1504265015.592789,VS0,VE1',
77 silly get     vary: 'Accept-Encoding, Accept' } ]
78 verbose get saving node-bin-setup to /home/thefakeweed/.npm/registry.npmjs.org/node-bin-setup/.cache.json
79 silly resolveWithNewModule node-bin-setup@1.0.6 checking installable status
80 silly cache add args [ 'node-bin-setup@^1.0.0', null ]
81 verbose cache add spec node-bin-setup@^1.0.0
82 silly cache add parsed spec Result {
82 silly cache add   raw: 'node-bin-setup@^1.0.0',
82 silly cache add   scope: null,
82 silly cache add   name: 'node-bin-setup',
82 silly cache add   rawSpec: '^1.0.0',
82 silly cache add   spec: '>=1.0.0 <2.0.0',
82 silly cache add   type: 'range' }
83 silly addNamed node-bin-setup@>=1.0.0 <2.0.0
84 verbose addNamed ">=1.0.0 <2.0.0" is a valid semver range for node-bin-setup
85 silly addNameRange { name: 'node-bin-setup',
85 silly addNameRange   range: '>=1.0.0 <2.0.0',
85 silly addNameRange   hasData: false }
86 silly mapToRegistry name node-bin-setup
87 silly mapToRegistry using default registry
88 silly mapToRegistry registry https://registry.npmjs.org/
89 silly mapToRegistry uri https://registry.npmjs.org/node-bin-setup
90 verbose addNameRange registry:https://registry.npmjs.org/node-bin-setup not in flight; fetching
91 verbose get https://registry.npmjs.org/node-bin-setup not expired, no request
92 silly addNameRange number 2 { name: 'node-bin-setup',
92 silly addNameRange   range: '>=1.0.0 <2.0.0',
92 silly addNameRange   hasData: true }
93 silly addNameRange versions [ 'node-bin-setup',
93 silly addNameRange   [ '1.0.0', '1.0.1', '1.0.2', '1.0.3', '1.0.4', '1.0.6' ] ]
94 silly addNamed node-bin-setup@1.0.6
95 verbose addNamed "1.0.6" is a plain semver version for node-bin-setup
96 silly mapToRegistry name node-bin-setup
97 silly mapToRegistry using default registry
98 silly mapToRegistry registry https://registry.npmjs.org/
99 silly mapToRegistry uri https://registry.npmjs.org/node-bin-setup
100 verbose addRemoteTarball https://registry.npmjs.org/node-bin-setup/-/node-bin-setup-1.0.6.tgz not in flight; adding
101 verbose addRemoteTarball [ 'https://registry.npmjs.org/node-bin-setup/-/node-bin-setup-1.0.6.tgz',
101 verbose addRemoteTarball   '4b5c9bb937ece702d7069b36ca78af4684677528' ]
102 info retry fetch attempt 1 at 2:23:34 PM
103 info attempt registry request try #1 at 2:23:34 PM
104 http fetch GET https://registry.npmjs.org/node-bin-setup/-/node-bin-setup-1.0.6.tgz
105 http fetch 200 https://registry.npmjs.org/node-bin-setup/-/node-bin-setup-1.0.6.tgz
106 silly fetchAndShaCheck shasum 4b5c9bb937ece702d7069b36ca78af4684677528
107 verbose addTmpTarball /tmp/npm-8860-712e43bc/registry.npmjs.org/node-bin-setup/-/node-bin-setup-1.0.6.tgz not in flight; adding
108 verbose addTmpTarball already have metadata; skipping unpack for node-bin-setup@1.0.6
109 silly cache afterAdd node-bin-setup@1.0.6
110 verbose afterAdd /home/thefakeweed/.npm/node-bin-setup/1.0.6/package/package.json not in flight; writing
111 verbose afterAdd /home/thefakeweed/.npm/node-bin-setup/1.0.6/package/package.json written
112 silly loadAllDepsIntoIdealTree Finishing
113 silly idealTree:prePrune thefakeweed-new-portfolio
113 silly idealTree:prePrune ├── node-bin-setup@1.0.6
113 silly idealTree:prePrune ├── node@8.3.0
113 silly idealTree:prePrune ├── nodemailer@4.1.0
113 silly idealTree:prePrune └── requirejs@2.3.5
114 silly loadIdealTree Finishing
115 silly currentTree thefakeweed-new-portfolio
115 silly currentTree ├── nodemailer@4.1.0
115 silly currentTree └── requirejs@2.3.5
116 silly idealTree thefakeweed-new-portfolio
116 silly idealTree ├── node-bin-setup@1.0.6
116 silly idealTree ├── node@8.3.0
116 silly idealTree ├── nodemailer@4.1.0
116 silly idealTree └── requirejs@2.3.5
117 silly generateActionsToTake Starting
118 silly install generateActionsToTake
119 silly generateActionsToTake Finishing
120 silly diffTrees action count 3
121 silly diffTrees add node-bin-setup@1.0.6
122 silly diffTrees add node@8.3.0
123 silly diffTrees update requirejs@2.3.5
124 silly decomposeActions action count 24
125 silly decomposeActions fetch node-bin-setup@1.0.6
126 silly decomposeActions extract node-bin-setup@1.0.6
127 silly decomposeActions test node-bin-setup@1.0.6
128 silly decomposeActions preinstall node-bin-setup@1.0.6
129 silly decomposeActions build node-bin-setup@1.0.6
130 silly decomposeActions install node-bin-setup@1.0.6
131 silly decomposeActions postinstall node-bin-setup@1.0.6
132 silly decomposeActions finalize node-bin-setup@1.0.6
133 silly decomposeActions fetch node@8.3.0
134 silly decomposeActions extract node@8.3.0
135 silly decomposeActions test node@8.3.0
136 silly decomposeActions preinstall node@8.3.0
137 silly decomposeActions build node@8.3.0
138 silly decomposeActions install node@8.3.0
139 silly decomposeActions postinstall node@8.3.0
140 silly decomposeActions finalize node@8.3.0
141 silly decomposeActions fetch requirejs@2.3.5
142 silly decomposeActions extract requirejs@2.3.5
143 silly decomposeActions test requirejs@2.3.5
144 silly decomposeActions preinstall requirejs@2.3.5
145 silly decomposeActions build requirejs@2.3.5
146 silly decomposeActions install requirejs@2.3.5
147 silly decomposeActions postinstall requirejs@2.3.5
148 silly decomposeActions finalize requirejs@2.3.5
149 silly executeActions Starting
150 silly install executeActions
151 silly doSerial global-install 0
152 silly doParallel fetch 3
153 verbose lock using /home/thefakeweed/.npm/_locks/staging-f332cef8b160cbd6.lock for /home/thefakeweed/Desktop/thefakeweed-new-portfolio/node_modules/.staging
154 silly doParallel extract 3
155 silly extract node-bin-setup@1.0.6
156 silly extract node@8.3.0
157 silly extract requirejs@2.3.5
158 silly addNamed requirejs@2.3.5
159 verbose addNamed "2.3.5" is a plain semver version for requirejs
160 silly mapToRegistry name requirejs
161 silly mapToRegistry using default registry
162 silly mapToRegistry registry https://registry.npmjs.org/
163 silly mapToRegistry uri https://registry.npmjs.org/requirejs
164 verbose addNameVersion registry:https://registry.npmjs.org/requirejs not in flight; fetching
165 verbose request uri https://registry.npmjs.org/requirejs
166 verbose request no auth needed
167 info attempt registry request try #1 at 2:23:34 PM
168 http request GET https://registry.npmjs.org/requirejs
169 verbose unbuild node_modules/.staging/node-bin-setup-6499ef80
170 verbose unbuild node_modules/.staging/node-79dff464
171 silly gentlyRm /home/thefakeweed/Desktop/thefakeweed-new-portfolio/node_modules/.staging/node-bin-setup-6499ef80 is being purged from base /home/thefakeweed/Desktop/thefakeweed-new-portfolio
172 verbose gentlyRm don't care about contents; nuking /home/thefakeweed/Desktop/thefakeweed-new-portfolio/node_modules/.staging/node-bin-setup-6499ef80
173 verbose tar unpack /home/thefakeweed/.npm/node-bin-setup/1.0.6/package.tgz
174 verbose tar unpacking to /home/thefakeweed/Desktop/thefakeweed-new-portfolio/node_modules/.staging/node-bin-setup-6499ef80
175 silly gentlyRm /home/thefakeweed/Desktop/thefakeweed-new-portfolio/node_modules/.staging/node-bin-setup-6499ef80 is being purged
176 verbose gentlyRm don't care about contents; nuking /home/thefakeweed/Desktop/thefakeweed-new-portfolio/node_modules/.staging/node-bin-setup-6499ef80
177 silly gentlyRm /home/thefakeweed/Desktop/thefakeweed-new-portfolio/node_modules/.staging/node-79dff464 is being purged from base /home/thefakeweed/Desktop/thefakeweed-new-portfolio
178 verbose gentlyRm don't care about contents; nuking /home/thefakeweed/Desktop/thefakeweed-new-portfolio/node_modules/.staging/node-79dff464
179 silly gunzTarPerm modes [ '755', '644' ]
180 verbose tar unpack /home/thefakeweed/.npm/node/8.3.0/package.tgz
181 verbose tar unpacking to /home/thefakeweed/Desktop/thefakeweed-new-portfolio/node_modules/.staging/node-79dff464
182 silly gentlyRm /home/thefakeweed/Desktop/thefakeweed-new-portfolio/node_modules/.staging/node-79dff464 is being purged
183 verbose gentlyRm don't care about contents; nuking /home/thefakeweed/Desktop/thefakeweed-new-portfolio/node_modules/.staging/node-79dff464
184 silly gunzTarPerm modes [ '755', '644' ]
185 silly gunzTarPerm extractEntry package.json
186 silly gunzTarPerm extractEntry package.json
187 silly gunzTarPerm extractEntry index.js
188 silly gunzTarPerm extractEntry README.md
189 silly gunzTarPerm extractEntry installArchSpecificPackage.js
190 silly gentlyRm /home/thefakeweed/Desktop/thefakeweed-new-portfolio/node_modules/.staging/node-bin-setup-6499ef80/node_modules is being purged
191 verbose gentlyRm don't care about contents; nuking /home/thefakeweed/Desktop/thefakeweed-new-portfolio/node_modules/.staging/node-bin-setup-6499ef80/node_modules
192 silly gentlyRm /home/thefakeweed/Desktop/thefakeweed-new-portfolio/node_modules/.staging/node-79dff464/node_modules is being purged
193 verbose gentlyRm don't care about contents; nuking /home/thefakeweed/Desktop/thefakeweed-new-portfolio/node_modules/.staging/node-79dff464/node_modules
194 http 200 https://registry.npmjs.org/requirejs
195 verbose headers { server: 'nginx/1.10.1',
195 verbose headers   'content-type': 'application/json',
195 verbose headers   'last-modified': 'Fri, 25 Aug 2017 10:27:31 GMT',
195 verbose headers   etag: 'W/"599ffb93-cbfb"',
195 verbose headers   'content-encoding': 'gzip',
195 verbose headers   'cache-control': 'max-age=300',
195 verbose headers   'content-length': '5145',
195 verbose headers   'accept-ranges': 'bytes',
195 verbose headers   date: 'Fri, 01 Sep 2017 11:23:34 GMT',
195 verbose headers   via: '1.1 varnish',
195 verbose headers   age: '51',
195 verbose headers   connection: 'keep-alive',
195 verbose headers   'x-served-by': 'cache-hhn1537-HHN',
195 verbose headers   'x-cache': 'HIT',
195 verbose headers   'x-cache-hits': '1',
195 verbose headers   'x-timer': 'S1504265015.990946,VS0,VE0',
195 verbose headers   vary: 'Accept-Encoding, Accept' }
196 silly get cb [ 200,
196 silly get   { server: 'nginx/1.10.1',
196 silly get     'content-type': 'application/json',
196 silly get     'last-modified': 'Fri, 25 Aug 2017 10:27:31 GMT',
196 silly get     etag: 'W/"599ffb93-cbfb"',
196 silly get     'content-encoding': 'gzip',
196 silly get     'cache-control': 'max-age=300',
196 silly get     'content-length': '5145',
196 silly get     'accept-ranges': 'bytes',
196 silly get     date: 'Fri, 01 Sep 2017 11:23:34 GMT',
196 silly get     via: '1.1 varnish',
196 silly get     age: '51',
196 silly get     connection: 'keep-alive',
196 silly get     'x-served-by': 'cache-hhn1537-HHN',
196 silly get     'x-cache': 'HIT',
196 silly get     'x-cache-hits': '1',
196 silly get     'x-timer': 'S1504265015.990946,VS0,VE0',
196 silly get     vary: 'Accept-Encoding, Accept' } ]
197 verbose get saving requirejs to /home/thefakeweed/.npm/registry.npmjs.org/requirejs/.cache.json
198 silly mapToRegistry name requirejs
199 silly mapToRegistry using default registry
200 silly mapToRegistry registry https://registry.npmjs.org/
201 silly mapToRegistry uri https://registry.npmjs.org/requirejs
202 verbose addRemoteTarball https://registry.npmjs.org/requirejs/-/requirejs-2.3.5.tgz not in flight; adding
203 verbose addRemoteTarball [ 'https://registry.npmjs.org/requirejs/-/requirejs-2.3.5.tgz',
203 verbose addRemoteTarball   '617b9acbbcb336540ef4914d790323a8d4b861b0' ]
204 info retry fetch attempt 1 at 2:23:35 PM
205 info attempt registry request try #1 at 2:23:35 PM
206 http fetch GET https://registry.npmjs.org/requirejs/-/requirejs-2.3.5.tgz
207 http fetch 200 https://registry.npmjs.org/requirejs/-/requirejs-2.3.5.tgz
208 silly fetchAndShaCheck shasum 617b9acbbcb336540ef4914d790323a8d4b861b0
209 verbose addTmpTarball /tmp/npm-8860-712e43bc/registry.npmjs.org/requirejs/-/requirejs-2.3.5.tgz not in flight; adding
210 verbose addTmpTarball already have metadata; skipping unpack for requirejs@2.3.5
211 verbose unbuild node_modules/.staging/requirejs-16554bbc
212 silly gentlyRm /home/thefakeweed/Desktop/thefakeweed-new-portfolio/node_modules/.staging/requirejs-16554bbc is being purged from base /home/thefakeweed/Desktop/thefakeweed-new-portfolio
213 verbose gentlyRm don't care about contents; nuking /home/thefakeweed/Desktop/thefakeweed-new-portfolio/node_modules/.staging/requirejs-16554bbc
214 verbose tar unpack /home/thefakeweed/.npm/requirejs/2.3.5/package.tgz
215 verbose tar unpacking to /home/thefakeweed/Desktop/thefakeweed-new-portfolio/node_modules/.staging/requirejs-16554bbc
216 silly gentlyRm /home/thefakeweed/Desktop/thefakeweed-new-portfolio/node_modules/.staging/requirejs-16554bbc is being purged
217 verbose gentlyRm don't care about contents; nuking /home/thefakeweed/Desktop/thefakeweed-new-portfolio/node_modules/.staging/requirejs-16554bbc
218 silly gunzTarPerm modes [ '755', '644' ]
219 silly gunzTarPerm extractEntry package.json
220 silly gunzTarPerm extractEntry README.md
221 silly gunzTarPerm extractEntry require.js
222 silly gunzTarPerm extractEntry bin/r.js
223 silly gentlyRm /home/thefakeweed/Desktop/thefakeweed-new-portfolio/node_modules/.staging/requirejs-16554bbc/node_modules is being purged
224 verbose gentlyRm don't care about contents; nuking /home/thefakeweed/Desktop/thefakeweed-new-portfolio/node_modules/.staging/requirejs-16554bbc/node_modules
225 silly doParallel preinstall 3
226 silly preinstall node-bin-setup@1.0.6 /home/thefakeweed/Desktop/thefakeweed-new-portfolio/node_modules/.staging/node-bin-setup-6499ef80
227 info lifecycle node-bin-setup@1.0.6~preinstall: node-bin-setup@1.0.6
228 silly preinstall node@8.3.0 /home/thefakeweed/Desktop/thefakeweed-new-portfolio/node_modules/.staging/node-79dff464
229 info lifecycle node@8.3.0~preinstall: node@8.3.0
230 silly preinstall requirejs@2.3.5 /home/thefakeweed/Desktop/thefakeweed-new-portfolio/node_modules/.staging/requirejs-16554bbc
231 info lifecycle requirejs@2.3.5~preinstall: requirejs@2.3.5
232 silly lifecycle node-bin-setup@1.0.6~preinstall: no script for preinstall, continuing
233 verbose lifecycle node@8.3.0~preinstall: unsafe-perm in lifecycle true
234 verbose lifecycle node@8.3.0~preinstall: PATH: /usr/share/npm/bin/node-gyp-bin:/home/thefakeweed/Desktop/thefakeweed-new-portfolio/node_modules/.staging/node-79dff464/node_modules/.bin:/home/thefakeweed/Desktop/thefakeweed-new-portfolio/node_modules/.bin:/usr/local/sbin:/usr/local/bin:/usr/sbin:/usr/bin:/sbin:/bin:/usr/games:/usr/local/games:/snap/bin
235 verbose lifecycle node@8.3.0~preinstall: CWD: /home/thefakeweed/Desktop/thefakeweed-new-portfolio/node_modules/.staging/node-79dff464
236 silly lifecycle node@8.3.0~preinstall: Args: [ '-c', 'node installArchSpecificPackage' ]
237 silly lifecycle requirejs@2.3.5~preinstall: no script for preinstall, continuing
238 silly lifecycle node@8.3.0~preinstall: Returned: code: 1  signal: null
239 info lifecycle node@8.3.0~preinstall: Failed to exec preinstall script
240 verbose unlock done using /home/thefakeweed/.npm/_locks/staging-f332cef8b160cbd6.lock for /home/thefakeweed/Desktop/thefakeweed-new-portfolio/node_modules/.staging
241 silly rollbackFailedOptional Starting
242 silly rollbackFailedOptional Finishing
243 silly runTopLevelLifecycles Starting
244 silly runTopLevelLifecycles Finishing
245 silly install printInstalled
246 warn enoent ENOENT: no such file or directory, open '/home/thefakeweed/Desktop/thefakeweed-new-portfolio/package.json'
247 warn thefakeweed-new-portfolio No description
248 warn thefakeweed-new-portfolio No repository field.
249 warn thefakeweed-new-portfolio No README data
250 warn thefakeweed-new-portfolio No license field.
251 verbose stack Error: node@8.3.0 preinstall: `node installArchSpecificPackage`
251 verbose stack Exit status 1
251 verbose stack     at EventEmitter.<anonymous> (/usr/share/npm/lib/utils/lifecycle.js:232:16)
251 verbose stack     at emitTwo (events.js:87:13)
251 verbose stack     at EventEmitter.emit (events.js:172:7)
251 verbose stack     at ChildProcess.<anonymous> (/usr/share/npm/lib/utils/spawn.js:24:14)
251 verbose stack     at emitTwo (events.js:87:13)
251 verbose stack     at ChildProcess.emit (events.js:172:7)
251 verbose stack     at maybeClose (internal/child_process.js:854:16)
251 verbose stack     at Process.ChildProcess._handle.onexit (internal/child_process.js:222:5)
252 verbose pkgid node@8.3.0
253 verbose cwd /home/thefakeweed/Desktop/thefakeweed-new-portfolio
254 error Linux 4.10.0-32-generic
255 error argv "/usr/bin/nodejs" "/usr/bin/npm" "install" "node"
256 error node v4.7.2
257 error npm  v3.5.2
258 error code ELIFECYCLE
259 error node@8.3.0 preinstall: `node installArchSpecificPackage`
259 error Exit status 1
260 error Failed at the node@8.3.0 preinstall script 'node installArchSpecificPackage'.
260 error Make sure you have the latest version of node.js and npm installed.
260 error If you do, this is most likely a problem with the node package,
260 error not with npm itself.
260 error Tell the author that this fails on your system:
260 error     node installArchSpecificPackage
260 error You can get information on how to open an issue for this project with:
260 error     npm bugs node
260 error Or if that isn't available, you can get their info via:
260 error     npm owner ls node
260 error There is likely additional logging output above.
261 verbose exit [ 1, true ]
